c:\users\athos\desktop\athos engine\athos-engine\engcode\sohta engine\x64\debug\vc143.pdb
c:\users\athos\desktop\athos engine\athos-engine\engcode\sohta engine\x64\debug\vc143.idb
c:\users\athos\desktop\athos engine\athos-engine\engcode\sohta engine\x64\debug\win.obj
c:\users\athos\desktop\athos engine\athos-engine\engcode\sohta engine\x64\debug\spotlight.obj
c:\users\athos\desktop\athos engine\athos-engine\engcode\sohta engine\x64\debug\geometry.obj
c:\users\athos\desktop\athos engine\athos-engine\engcode\sohta engine\x64\debug\main.obj
c:\users\athos\desktop\athos engine\athos-engine\engcode\sohta engine\x64\debug\model.obj
c:\users\athos\desktop\athos engine\athos-engine\engcode\sohta engine\x64\debug\imagestrct.obj
c:\users\athos\desktop\athos engine\athos-engine\engcode\sohta engine\x64\debug\ground.obj
c:\users\athos\desktop\athos engine\athos-engine\engcode\sohta engine\x64\debug\graphics.obj
c:\users\athos\desktop\athos engine\athos-engine\engcode\sohta engine\x64\debug\camera.obj
c:\users\athos\desktop\athos engine\athos-engine\engcode\sohta engine\x64\debug\app.obj
c:\users\athos\desktop\athos engine\athos-engine\engcode\sohta engine\x64\debug\4sides.obj
c:\users\athos\desktop\athos engine\athos-engine\engcode\sohta engine\x64\debug\scene.obj
c:\users\athos\desktop\athos engine\athos-engine\engcode\sohta engine\x64\debug\sky.obj
c:\users\athos\desktop\athos engine\athos-engine\engcode\sohta engine\x64\debug\shaders.obj
c:\users\athos\desktop\athos engine\athos-engine\engcode\sohta engine\x64\debug\renderqueue_2d.obj
c:\users\athos\desktop\athos engine\athos-engine\engcode\sohta engine\x64\debug\cubes.obj
c:\users\athos\desktop\athos engine\athos-engine\engcode\sohta engine\x64\debug\pl_cubes.obj
c:\users\athos\desktop\athos engine\athos-engine\engcode\sohta engine\x64\debug\image.obj
c:\users\athos\desktop\athos engine\athos-engine\engcode\sohta engine\x64\debug\directinput.obj
c:\users\athos\desktop\athos engine\athos-engine\engcode\sohta engine\x64\debug\d3d.obj
c:\users\athos\desktop\athos engine\athos-engine\engcode\sohta engine\x64\debug\d2d.obj
c:\users\athos\desktop\athos engine\athos-engine\engcode\sohta engine\x64\debug\videoconfig.obj
c:\users\athos\desktop\athos engine\athos-engine\engcode\sohta engine\x64\debug\timer.obj
c:\users\athos\desktop\athos engine\athos-engine\engcode\sohta engine\x64\debug\text2d.obj
c:\users\athos\desktop\athos engine\athos-engine\engcode\sohta engine\x64\debug\stdscene.obj
c:\users\athos\desktop\athos engine\athos-engine\engcode\sohta engine\x64\debug\staticdeclarations_shaders.obj
c:\users\athos\desktop\athos engine\athos-engine\engcode\sohta engine\x64\debug\staticdeclarations_d3d.obj
c:\users\athos\desktop\athos engine\athos-engine\engcode\sohta engine\x64\debug\staticdeclarations_camera.obj
c:\users\athos\desktop\athos engine\athos-engine\engcode\sohta engine\x64\debug\staticdeclarations_image.obj
c:\users\athos\desktop\athos engine\athos-engine\engcode\sohta engine\x64\debug\staticdeclarations_d2d.obj
c:\users\athos\desktop\athos engine\athos-engine\engcode\sohta engine\x64\debug\staticdeclarations_cubes.obj
c:\users\athos\desktop\athos engine\athos-engine\engcode\sohta engine\x64\debug\staticdeclarations_ground.obj
c:\users\athos\desktop\athos engine\athos-engine\engcode\x64\debug\sohta engine.exe
c:\users\athos\desktop\athos engine\athos-engine\engcode\sohta engine\x64\debug\sohta engine.ilk
c:\users\athos\desktop\athos engine\athos-engine\engcode\x64\debug\sohta engine.pdb
c:\users\athos\desktop\athos engine\athos-engine\engcode\sohta engine\x64\debug\sohta engine.res
c:\users\athos\desktop\athos engine\athos-engine\engcode\sohta engine\x64\debug\app.obj.enc
c:\users\athos\desktop\athos engine\athos-engine\engcode\sohta engine\x64\debug\graphics.obj.enc
c:\users\athos\desktop\athos engine\athos-engine\engcode\sohta engine\x64\debug\ground.obj.enc
c:\users\athos\desktop\athos engine\athos-engine\engcode\sohta engine\x64\debug\main.obj.enc
c:\users\athos\desktop\athos engine\athos-engine\engcode\sohta engine\x64\debug\pl_cubes.obj.enc
c:\users\athos\desktop\athos engine\athos-engine\engcode\sohta engine\x64\debug\staticdeclarations_ground.obj.enc
c:\users\athos\desktop\athos engine\athos-engine\engcode\sohta engine\x64\debug\stdscene.obj.enc
c:\users\athos\desktop\athos engine\athos-engine\engcode\sohta engine\x64\debug\sohta engine.vcxproj.cppwinrt_comp.rsp
c:\users\athos\desktop\athos engine\athos-engine\engcode\sohta engine\x64\debug\sohta engine.vcxproj.cppwinrt_plat.rsp
c:\users\athos\desktop\athos engine\athos-engine\engcode\sohta engine\x64\debug\sohta engine.vcxproj.mdmerge.rsp
c:\users\athos\desktop\athos engine\athos-engine\engcode\sohta engine\x64\debug\sohta engine.vcxproj.midlrt.rsp
c:\users\athos\desktop\athos engine\athos-engine\engcode\sohta engine\x64\debug\sohta engine.tlog\cl.command.1.tlog
c:\users\athos\desktop\athos engine\athos-engine\engcode\sohta engine\x64\debug\sohta engine.tlog\cl.read.1.tlog
c:\users\athos\desktop\athos engine\athos-engine\engcode\sohta engine\x64\debug\sohta engine.tlog\cl.write.1.tlog
c:\users\athos\desktop\athos engine\athos-engine\engcode\sohta engine\x64\debug\sohta engine.tlog\fxc.command.1.tlog
c:\users\athos\desktop\athos engine\athos-engine\engcode\sohta engine\x64\debug\sohta engine.tlog\fxc.read.1.tlog
c:\users\athos\desktop\athos engine\athos-engine\engcode\sohta engine\x64\debug\sohta engine.tlog\link.command.1.tlog
c:\users\athos\desktop\athos engine\athos-engine\engcode\sohta engine\x64\debug\sohta engine.tlog\link.read.1.tlog
c:\users\athos\desktop\athos engine\athos-engine\engcode\sohta engine\x64\debug\sohta engine.tlog\link.write.1.tlog
c:\users\athos\desktop\athos engine\athos-engine\engcode\sohta engine\x64\debug\sohta engine.tlog\rc.command.1.tlog
c:\users\athos\desktop\athos engine\athos-engine\engcode\sohta engine\x64\debug\sohta engine.tlog\rc.read.1.tlog
c:\users\athos\desktop\athos engine\athos-engine\engcode\sohta engine\x64\debug\sohta engine.tlog\rc.write.1.tlog
