  App.cpp
  C:\Program Files (x86)\Windows Kits\10\Include\10.0.18362.0\um\dinput.h: DIRECTINPUT_VERSION undefined. Defaulting to version 0x0800
C:\Users\SAI DO MEU PC PEXTE\Documents\GitHub\SOHTA-Engine\EngCode\SOHTA engine\Geometry.h(7,28): warning C4584: 'Geometry': base-class 'D3D' is already a base-class of 'Shaders'
C:\Users\SAI DO MEU PC PEXTE\Documents\GitHub\SOHTA-Engine\EngCode\SOHTA engine\D3D.h(6): message : see declaration of 'D3D'
C:\Users\SAI DO MEU PC PEXTE\Documents\GitHub\SOHTA-Engine\EngCode\SOHTA engine\Shaders.h(11): message : see declaration of 'Shaders'
  Graphics.cpp
  C:\Program Files (x86)\Windows Kits\10\Include\10.0.18362.0\um\dinput.h: DIRECTINPUT_VERSION undefined. Defaulting to version 0x0800
C:\Users\SAI DO MEU PC PEXTE\Documents\GitHub\SOHTA-Engine\EngCode\SOHTA engine\Geometry.h(7,28): warning C4584: 'Geometry': base-class 'D3D' is already a base-class of 'Shaders'
C:\Users\SAI DO MEU PC PEXTE\Documents\GitHub\SOHTA-Engine\EngCode\SOHTA engine\D3D.h(6): message : see declaration of 'D3D'
C:\Users\SAI DO MEU PC PEXTE\Documents\GitHub\SOHTA-Engine\EngCode\SOHTA engine\Shaders.h(11): message : see declaration of 'Shaders'
  Image.cpp
  C:\Program Files (x86)\Windows Kits\10\Include\10.0.18362.0\um\dinput.h: DIRECTINPUT_VERSION undefined. Defaulting to version 0x0800
C:\Users\SAI DO MEU PC PEXTE\Documents\GitHub\SOHTA-Engine\EngCode\SOHTA engine\Geometry.h(7,28): warning C4584: 'Geometry': base-class 'D3D' is already a base-class of 'Shaders'
C:\Users\SAI DO MEU PC PEXTE\Documents\GitHub\SOHTA-Engine\EngCode\SOHTA engine\D3D.h(6): message : see declaration of 'D3D'
C:\Users\SAI DO MEU PC PEXTE\Documents\GitHub\SOHTA-Engine\EngCode\SOHTA engine\Shaders.h(11): message : see declaration of 'Shaders'
C:\Users\SAI DO MEU PC PEXTE\Documents\GitHub\SOHTA-Engine\EngCode\SOHTA engine\Image.cpp(8,13): warning C4552: '-': result of expression not used
  Main.cpp
  C:\Program Files (x86)\Windows Kits\10\Include\10.0.18362.0\um\dinput.h: DIRECTINPUT_VERSION undefined. Defaulting to version 0x0800
C:\Users\SAI DO MEU PC PEXTE\Documents\GitHub\SOHTA-Engine\EngCode\SOHTA engine\Geometry.h(7,28): warning C4584: 'Geometry': base-class 'D3D' is already a base-class of 'Shaders'
C:\Users\SAI DO MEU PC PEXTE\Documents\GitHub\SOHTA-Engine\EngCode\SOHTA engine\D3D.h(6): message : see declaration of 'D3D'
C:\Users\SAI DO MEU PC PEXTE\Documents\GitHub\SOHTA-Engine\EngCode\SOHTA engine\Shaders.h(11): message : see declaration of 'Shaders'
  StdScene.cpp
  C:\Program Files (x86)\Windows Kits\10\Include\10.0.18362.0\um\dinput.h: DIRECTINPUT_VERSION undefined. Defaulting to version 0x0800
C:\Users\SAI DO MEU PC PEXTE\Documents\GitHub\SOHTA-Engine\EngCode\SOHTA engine\Geometry.h(7,28): warning C4584: 'Geometry': base-class 'D3D' is already a base-class of 'Shaders'
C:\Users\SAI DO MEU PC PEXTE\Documents\GitHub\SOHTA-Engine\EngCode\SOHTA engine\D3D.h(6): message : see declaration of 'D3D'
C:\Users\SAI DO MEU PC PEXTE\Documents\GitHub\SOHTA-Engine\EngCode\SOHTA engine\Shaders.h(11): message : see declaration of 'Shaders'
C:\Users\SAI DO MEU PC PEXTE\Documents\GitHub\SOHTA-Engine\EngCode\SOHTA engine\StdScene.cpp(33,26): warning C4244: '+=': conversion from 'double' to 'float', possible loss of data
C:\Users\SAI DO MEU PC PEXTE\Documents\GitHub\SOHTA-Engine\EngCode\SOHTA engine\StdScene.cpp(132,17): warning C4244: 'initializing': conversion from 'double' to 'float', possible loss of data
  Generating Code...
  SOHTA engine.vcxproj -> C:\Users\SAI DO MEU PC PEXTE\Documents\GitHub\SOHTA-Engine\EngCode\x64\Debug\SOHTA engine.exe
